app/build/intermediates/manifest_merge_blame_file/debug/manifest-merger-blame-debug-report.txt
1<?xml version="1.0" encoding="utf-8"?>
2<manifest xmlns:android="http://schemas.android.com/apk/res/android"
3    package="org.tensorflow.lite.examples.posenet"
4    android:versionCode="1"
5    android:versionName="1.0" >
6
7    <uses-sdk
7-->src\main\AndroidManifest.xml:5:5-17
8        android:minSdkVersion="21"
8-->src\main\AndroidManifest.xml:5:5-17
9        android:targetSdkVersion="30" />
9-->src\main\AndroidManifest.xml:5:5-17
10
11    <uses-permission android:name="android.permission.CAMERA" />
11-->src\main\AndroidManifest.xml:7:5-65
11-->src\main\AndroidManifest.xml:7:22-62
12
13    <uses-feature android:name="android.hardware.camera" />
13-->src\main\AndroidManifest.xml:9:5-60
13-->src\main\AndroidManifest.xml:9:19-57
14    <uses-feature android:name="android.hardware.camera.autofocus" />
14-->src\main\AndroidManifest.xml:10:5-70
14-->src\main\AndroidManifest.xml:10:19-67
15
16    <application
16-->src\main\AndroidManifest.xml:12:5-64:19
17        android:allowBackup="true"
17-->src\main\AndroidManifest.xml:13:9-35
18        android:appComponentFactory="androidx.core.app.CoreComponentFactory"
18-->[androidx.core:core:1.3.0] AndroidManifest.xml:24:18-86
19        android:debuggable="true"
20        android:icon="@mipmap/ic_launcher"
20-->src\main\AndroidManifest.xml:14:9-43
21        android:label="PHYSIOFIT"
21-->src\main\AndroidManifest.xml:15:9-34
22        android:roundIcon="@mipmap/ic_launcher_round"
22-->src\main\AndroidManifest.xml:16:9-54
23        android:supportsRtl="true"
23-->src\main\AndroidManifest.xml:17:9-35
24        android:testOnly="true"
25        android:theme="@style/AppTheme.Posenet" >
25-->src\main\AndroidManifest.xml:18:9-48
26        <activity
26-->src\main\AndroidManifest.xml:20:9-21:51
27            android:name="org.tensorflow.lite.fyp.physiofit.java.BackActivity"
27-->src\main\AndroidManifest.xml:20:19-85
28            android:screenOrientation="portrait" />
28-->src\main\AndroidManifest.xml:21:13-49
29        <activity
29-->src\main\AndroidManifest.xml:22:9-23:51
30            android:name="org.tensorflow.lite.fyp.physiofit.java.ShoulderActivity"
30-->src\main\AndroidManifest.xml:22:19-89
31            android:screenOrientation="portrait" />
31-->src\main\AndroidManifest.xml:23:13-49
32        <activity
32-->src\main\AndroidManifest.xml:24:9-25:51
33            android:name="org.tensorflow.lite.fyp.physiofit.java.ChestActivity"
33-->src\main\AndroidManifest.xml:24:19-86
34            android:screenOrientation="portrait" />
34-->src\main\AndroidManifest.xml:25:13-49
35        <activity
35-->src\main\AndroidManifest.xml:26:9-27:51
36            android:name="org.tensorflow.lite.fyp.physiofit.java.LegsActivity"
36-->src\main\AndroidManifest.xml:26:19-85
37            android:screenOrientation="portrait" />
37-->src\main\AndroidManifest.xml:27:13-49
38        <activity
38-->src\main\AndroidManifest.xml:28:9-29:51
39            android:name="org.tensorflow.lite.fyp.physiofit.java.ArmsActivity"
39-->src\main\AndroidManifest.xml:28:19-85
40            android:screenOrientation="portrait" />
40-->src\main\AndroidManifest.xml:29:13-49
41        <activity
41-->src\main\AndroidManifest.xml:30:9-31:51
42            android:name="org.tensorflow.lite.fyp.physiofit.java.ArmsCustomActivity"
42-->src\main\AndroidManifest.xml:30:19-91
43            android:screenOrientation="portrait" />
43-->src\main\AndroidManifest.xml:31:13-49
44        <activity
44-->src\main\AndroidManifest.xml:32:9-33:51
45            android:name="org.tensorflow.lite.fyp.physiofit.java.LegsCustomActivity"
45-->src\main\AndroidManifest.xml:32:19-91
46            android:screenOrientation="portrait" />
46-->src\main\AndroidManifest.xml:33:13-49
47        <activity
47-->src\main\AndroidManifest.xml:34:9-35:51
48            android:name="org.tensorflow.lite.fyp.physiofit.java.ChestCustomActivity"
48-->src\main\AndroidManifest.xml:34:19-92
49            android:screenOrientation="portrait" />
49-->src\main\AndroidManifest.xml:35:13-49
50        <activity
50-->src\main\AndroidManifest.xml:36:9-37:51
51            android:name="org.tensorflow.lite.fyp.physiofit.java.ShoulderCustomActivity"
51-->src\main\AndroidManifest.xml:36:19-95
52            android:screenOrientation="portrait" />
52-->src\main\AndroidManifest.xml:37:13-49
53        <activity
53-->src\main\AndroidManifest.xml:38:9-39:51
54            android:name="org.tensorflow.lite.fyp.physiofit.java.BackCustomActivity"
54-->src\main\AndroidManifest.xml:38:19-91
55            android:screenOrientation="portrait" />
55-->src\main\AndroidManifest.xml:39:13-49
56        <activity
56-->src\main\AndroidManifest.xml:40:9-44:51
57            android:name="org.tensorflow.lite.fyp.physiofit.TestActivity"
57-->src\main\AndroidManifest.xml:41:13-74
58            android:exported="true"
58-->src\main\AndroidManifest.xml:42:13-36
59            android:label="@string/tfe_pn_app_name"
59-->src\main\AndroidManifest.xml:43:13-52
60            android:screenOrientation="portrait" />
60-->src\main\AndroidManifest.xml:44:13-49
61        <activity
61-->src\main\AndroidManifest.xml:45:9-49:51
62            android:name="org.tensorflow.lite.fyp.physiofit.CameraActivity"
62-->src\main\AndroidManifest.xml:46:13-76
63            android:exported="true"
63-->src\main\AndroidManifest.xml:47:13-36
64            android:label="@string/tfe_pn_app_name"
64-->src\main\AndroidManifest.xml:48:13-52
65            android:screenOrientation="portrait" />
65-->src\main\AndroidManifest.xml:49:13-49
66        <activity
66-->src\main\AndroidManifest.xml:50:9-53:54
67            android:name="org.tensorflow.lite.fyp.physiofit.java.MainActivity"
67-->src\main\AndroidManifest.xml:50:19-85
68            android:exported="true"
68-->src\main\AndroidManifest.xml:51:13-36
69            android:screenOrientation="portrait"
69-->src\main\AndroidManifest.xml:52:13-49
70            android:windowSoftInputMode="adjustPan" />
70-->src\main\AndroidManifest.xml:53:13-52
71        <activity
71-->src\main\AndroidManifest.xml:54:9-63:20
72            android:name="org.tensorflow.lite.fyp.physiofit.java.SplashActivity"
72-->src\main\AndroidManifest.xml:55:13-81
73            android:exported="true"
73-->src\main\AndroidManifest.xml:56:13-36
74            android:windowSoftInputMode="adjustPan" >
74-->src\main\AndroidManifest.xml:57:13-52
75            <intent-filter>
75-->src\main\AndroidManifest.xml:58:13-62:29
76                <action android:name="android.intent.action.MAIN" />
76-->src\main\AndroidManifest.xml:59:17-69
76-->src\main\AndroidManifest.xml:59:25-66
77
78                <category android:name="android.intent.category.LAUNCHER" />
78-->src\main\AndroidManifest.xml:61:17-77
78-->src\main\AndroidManifest.xml:61:27-74
79            </intent-filter>
80        </activity>
81    </application>
82
83</manifest>